2026-02-09 19:49:54 - src.utils.database - INFO - Base de datos inicializada en: data\database\videos.db
2026-02-09 19:57:17 - src.utils.database - INFO - Base de datos inicializada en: data\database\videos.db
2026-02-09 19:57:17 - main_pipeline - INFO - === Iniciando Pipeline Diario ===
2026-02-09 19:58:06 - src.utils.database - INFO - Base de datos inicializada en: data\database\videos.db
2026-02-09 19:58:06 - main_pipeline - INFO - === Iniciando Pipeline Diario ===
2026-02-09 19:59:37 - src.utils.database - INFO - Base de datos inicializada en: data\database\videos.db
2026-02-09 19:59:37 - main_pipeline - INFO - === Iniciando Pipeline Diario ===
2026-02-09 19:59:41 - main_pipeline - ERROR - Fallo en pipeline: (sqlite3.OperationalError) no such column: videos.youtube_id
[SQL: SELECT videos.id AS videos_id, videos.youtube_id AS videos_youtube_id, videos.channel_id AS videos_channel_id, videos.title AS videos_title, videos.url AS videos_url, videos.duration AS videos_duration, videos.views AS videos_views, videos.published_at AS videos_published_at, videos.status AS videos_status, videos.error_message AS videos_error_message, videos.file_path AS videos_file_path, videos.summary AS videos_summary, videos.transcript AS videos_transcript, videos.created_at AS videos_created_at, videos.updated_at AS videos_updated_at 
FROM videos 
WHERE videos.youtube_id = ?
 LIMIT ? OFFSET ?]
[parameters: ('1PxEziv5XIU', 1, 0)]
(Background on this error at: https://sqlalche.me/e/20/e3q8)
2026-02-09 20:00:53 - src.utils.database - INFO - Base de datos inicializada en: data\database\videos.db
2026-02-09 20:00:53 - main_pipeline - INFO - === Iniciando Pipeline Diario ===
2026-02-09 20:00:55 - main_pipeline - ERROR - Fallo en pipeline: (sqlite3.OperationalError) no such column: videos.youtube_id
[SQL: SELECT videos.id AS videos_id, videos.youtube_id AS videos_youtube_id, videos.channel_id AS videos_channel_id, videos.title AS videos_title, videos.url AS videos_url, videos.duration AS videos_duration, videos.views AS videos_views, videos.published_at AS videos_published_at, videos.status AS videos_status, videos.error_message AS videos_error_message, videos.file_path AS videos_file_path, videos.summary AS videos_summary, videos.transcript AS videos_transcript, videos.created_at AS videos_created_at, videos.updated_at AS videos_updated_at 
FROM videos 
WHERE videos.youtube_id = ?
 LIMIT ? OFFSET ?]
[parameters: ('1PxEziv5XIU', 1, 0)]
(Background on this error at: https://sqlalche.me/e/20/e3q8)
2026-02-09 20:01:29 - src.utils.database - INFO - Base de datos inicializada en: data\database\videos.db
2026-02-09 20:01:29 - main_pipeline - INFO - === Iniciando Pipeline Diario ===
2026-02-09 20:01:31 - main_pipeline - ERROR - Fallo en pipeline: (sqlite3.OperationalError) no such column: videos.youtube_id
[SQL: SELECT videos.id AS videos_id, videos.youtube_id AS videos_youtube_id, videos.channel_id AS videos_channel_id, videos.title AS videos_title, videos.url AS videos_url, videos.duration AS videos_duration, videos.views AS videos_views, videos.published_at AS videos_published_at, videos.status AS videos_status, videos.error_message AS videos_error_message, videos.file_path AS videos_file_path, videos.summary AS videos_summary, videos.transcript AS videos_transcript, videos.created_at AS videos_created_at, videos.updated_at AS videos_updated_at 
FROM videos 
WHERE videos.youtube_id = ?
 LIMIT ? OFFSET ?]
[parameters: ('1PxEziv5XIU', 1, 0)]
(Background on this error at: https://sqlalche.me/e/20/e3q8)
2026-02-09 20:01:55 - src.utils.database - INFO - Base de datos inicializada en: data\database\videos.db
2026-02-09 20:01:55 - main_pipeline - INFO - === Iniciando Pipeline Diario ===
2026-02-09 20:01:57 - main_pipeline - ERROR - Fallo en pipeline: (sqlite3.OperationalError) no such column: videos.youtube_id
[SQL: SELECT videos.id AS videos_id, videos.youtube_id AS videos_youtube_id, videos.channel_id AS videos_channel_id, videos.title AS videos_title, videos.url AS videos_url, videos.duration AS videos_duration, videos.views AS videos_views, videos.published_at AS videos_published_at, videos.status AS videos_status, videos.error_message AS videos_error_message, videos.file_path AS videos_file_path, videos.summary AS videos_summary, videos.transcript AS videos_transcript, videos.created_at AS videos_created_at, videos.updated_at AS videos_updated_at 
FROM videos 
WHERE videos.youtube_id = ?
 LIMIT ? OFFSET ?]
[parameters: ('1PxEziv5XIU', 1, 0)]
(Background on this error at: https://sqlalche.me/e/20/e3q8)
2026-02-09 20:07:58 - src.utils.database - INFO - Base de datos inicializada en: data\database\videos.db
2026-02-09 20:07:58 - main_pipeline - INFO - === Iniciando Pipeline Diario ===
2026-02-09 20:08:00 - main_pipeline - ERROR - Fallo en pipeline: (sqlite3.OperationalError) no such column: videos.youtube_id
[SQL: SELECT videos.id AS videos_id, videos.youtube_id AS videos_youtube_id, videos.channel_id AS videos_channel_id, videos.title AS videos_title, videos.url AS videos_url, videos.duration AS videos_duration, videos.views AS videos_views, videos.published_at AS videos_published_at, videos.status AS videos_status, videos.error_message AS videos_error_message, videos.file_path AS videos_file_path, videos.summary AS videos_summary, videos.transcript AS videos_transcript, videos.created_at AS videos_created_at, videos.updated_at AS videos_updated_at 
FROM videos 
WHERE videos.youtube_id = ?
 LIMIT ? OFFSET ?]
[parameters: ('1PxEziv5XIU', 1, 0)]
(Background on this error at: https://sqlalche.me/e/20/e3q8)
